
****** Vivado v2014.4 (64-bit)
  **** SW Build 1071353 on Tue Nov 18 16:48:31 MST 2014
  **** IP Build 1070531 on Tue Nov 18 01:10:18 MST 2014
    ** Copyright 1986-2014 Xilinx, Inc. All Rights Reserved.

source axi_hdmi_tx_ip.tcl
# source ../scripts/adi_env.tcl
## set ad_hdl_dir [file normalize [file join [file dirname [info script]] "../.."]]
## set ad_phdl_dir $ad_hdl_dir
## if [info exists ::env(ADI_HDL_DIR)] {
##   set ad_hdl_dir $::env(ADI_HDL_DIR)
## }
## if [info exists ::env(ADI_PHDL_DIR)] {
##   set ad_phdl_dir $::env(ADI_PHDL_DIR)
## }
# source $ad_hdl_dir/library/scripts/adi_ip.tcl
## if {![info exists REQUIRED_VIVADO_VERSION]} {
##   set REQUIRED_VIVADO_VERSION "2014.4"
## }
## if {[info exists ::env(ADI_IGNORE_VERSION_CHECK)]} {
##   set IGNORE_VERSION_CHECK 1
## } elseif {![info exists IGNORE_VERSION_CHECK]} {
##   set IGNORE_VERSION_CHECK 0
## }
## proc adi_ip_create {ip_name} {
##   global ad_hdl_dir
##   global ad_phdl_dir
## 
##   global REQUIRED_VIVADO_VERSION
##   global IGNORE_VERSION_CHECK
## 
##   if {!$IGNORE_VERSION_CHECK && [string compare [version -short] $REQUIRED_VIVADO_VERSION] != 0} {
##     return -code error [format "ERROR: This library requires Vivado %s." $REQUIRED_VIVADO_VERSION]
##   }
## 
##   create_project $ip_name . -force
## 
##   set lib_dirs $ad_hdl_dir/library
##   if {$ad_hdl_dir ne $ad_phdl_dir} {
##     lappend lib_dirs $ad_phdl_dir/library
##   }
## 
##   set_property ip_repo_paths $lib_dirs [current_fileset]
##   update_ip_catalog
## 
##   set proj_dir [get_property directory [current_project]]
##   set proj_name [get_projects $ip_name]
## }
## proc adi_ip_files {ip_name ip_files} {
## 
##   set proj_fileset [get_filesets sources_1]
##   add_files -norecurse -scan_for_includes -fileset $proj_fileset $ip_files
##   set_property "top" "$ip_name" $proj_fileset
## }
## proc adi_ip_constraints {ip_name ip_constr_files {processing_order late}} {
## 
##   set proj_filegroup [ipx::get_file_groups xilinx_v*synthesis -of_objects [ipx::current_core]]
##   set f [ipx::add_file $ip_constr_files $proj_filegroup]
##   set_property -dict [list \
##     type xdc \
##     library_name {} \
##     processing_order $processing_order \
##   ] $f
## }
## proc adi_ip_ttcl {ip_name ip_constr_files} {
## 
##   set proj_filegroup [ipx::get_file_groups xilinx_v*synthesis -of_objects [ipx::current_core]]
##   set f [ipx::add_file $ip_constr_files $proj_filegroup]
##   set_property -dict [list \
##     type ttcl \
##   ] $f
## }
## proc adi_ip_properties {ip_name} {
## 
##   ipx::package_project -root_dir .
##   ipx::remove_memory_map {s_axi} [ipx::current_core]
##   ipx::add_memory_map {s_axi} [ipx::current_core]
##   set_property slave_memory_map_ref {s_axi} [ipx::get_bus_interfaces s_axi -of_objects [ipx::current_core]]
## 
##   ipx::add_address_block {axi_lite} [ipx::get_memory_maps s_axi -of_objects [ipx::current_core]]
##   set_property range {65536} [ipx::get_address_blocks axi_lite \
##     -of_objects [ipx::get_memory_maps s_axi -of_objects [ipx::current_core]]]
## 
##   set_property vendor {analog.com} [ipx::current_core]
##   set_property library {user} [ipx::current_core]
##   set_property taxonomy {{/AXI_Infrastructure}} [ipx::current_core]
##   set_property vendor_display_name {Analog Devices} [ipx::current_core]
##   set_property company_url {www.analog.com} [ipx::current_core]
## 
##   set_property supported_families \
##     {{kintexu}    {Pre-Production} \
##      {virtexu}    {Pre-Production} \
##      {virtex7}    {Production} \
##      {qvirtex7}   {Production} \
##      {kintex7}    {Production} \
##      {kintex7l}   {Production} \
##      {qkintex7}   {Production} \
##      {qkintex7l}  {Production} \
##      {artix7}     {Production} \
##      {artix7l}    {Production} \
##      {aartix7}    {Production} \
##      {qartix7}    {Production} \
##      {zynq}       {Production} \
##      {qzynq}      {Production} \
##      {azynq}      {Production}} \
##   [ipx::current_core]
## }
## proc adi_ip_properties_lite {ip_name} {
## 
##   ipx::package_project -root_dir .
## 
##   set_property vendor {analog.com} [ipx::current_core]
##   set_property library {user} [ipx::current_core]
##   set_property taxonomy {{/AXI_Infrastructure}} [ipx::current_core]
##   set_property vendor_display_name {Analog Devices} [ipx::current_core]
##   set_property company_url {www.analog.com} [ipx::current_core]
## 
##   set_property supported_families \
##     {{kintexu}    {Pre-Production} \
##      {virtexu}    {Pre-Production} \
##      {virtex7}    {Production} \
##      {qvirtex7}   {Production} \
##      {kintex7}    {Production} \
##      {kintex7l}   {Production} \
##      {qkintex7}   {Production} \
##      {qkintex7l}  {Production} \
##      {artix7}     {Production} \
##      {artix7l}    {Production} \
##      {aartix7}    {Production} \
##      {qartix7}    {Production} \
##      {zynq}       {Production} \
##      {qzynq}      {Production} \
##      {azynq}      {Production}} \
##   [ipx::current_core]
## }
## proc adi_set_ports_dependency {port_prefix dependency} {
## 	foreach port [ipx::get_ports [format "%s%s" $port_prefix "*"]] {
## 		set_property ENABLEMENT_DEPENDENCY $dependency $port
## 	}
## }
## proc adi_set_bus_dependency {bus prefix dependency} {
## 	set_property ENABLEMENT_DEPENDENCY $dependency [ipx::get_bus_interfaces $bus -of_objects [ipx::current_core]]
## 	adi_set_ports_dependency $prefix $dependency
## }
## proc adi_add_port_map {bus phys logic} {
## 	set map [ipx::add_port_map $phys $bus]
## 	set_property "PHYSICAL_NAME" $phys $map
## 	set_property "LOGICAL_NAME" $logic $map
## }
## proc adi_add_bus {bus_name mode abs_type bus_type port_maps} {
## 	set bus [ipx::add_bus_interface $bus_name [ipx::current_core]]
## 
## 	set_property "ABSTRACTION_TYPE_VLNV" $abs_type $bus
## 	set_property "BUS_TYPE_VLNV" $bus_type $bus
## 	set_property "INTERFACE_MODE" $mode $bus
## 
## 	foreach port_map $port_maps {
## 		adi_add_port_map $bus {*}$port_map
## 	}
## }
## proc adi_add_bus_clock {clock_signal_name bus_inf_name {reset_signal_name ""} {reset_signal_mode "slave"}} {
## 	set bus_inf_name_clean [string map {":" "_"} $bus_inf_name]
## 	set clock_inf_name [format "%s%s" $bus_inf_name_clean "_signal_clock"]
## 	set clock_inf [ipx::add_bus_interface $clock_inf_name [ipx::current_core]]
## 	set_property abstraction_type_vlnv "xilinx.com:signal:clock_rtl:1.0" $clock_inf
## 	set_property bus_type_vlnv "xilinx.com:signal:clock:1.0" $clock_inf
## 	set_property display_name $clock_inf_name $clock_inf
## 	set clock_map [ipx::add_port_map "CLK" $clock_inf]
## 	set_property physical_name $clock_signal_name $clock_map
## 
## 	set assoc_busif [ipx::add_bus_parameter "ASSOCIATED_BUSIF" $clock_inf]
## 	set_property value $bus_inf_name $assoc_busif
## 
## 	if { $reset_signal_name != "" } {
## 		set assoc_reset [ipx::add_bus_parameter "ASSOCIATED_RESET" $clock_inf]
## 		set_property value $reset_signal_name $assoc_reset
## 
## 		set reset_inf_name [format "%s%s" $bus_inf_name_clean "_signal_reset"]
## 		set reset_inf [ipx::add_bus_interface $reset_inf_name [ipx::current_core]]
## 		set_property abstraction_type_vlnv "xilinx.com:signal:reset_rtl:1.0" $reset_inf
## 		set_property bus_type_vlnv "xilinx.com:signal:reset:1.0" $reset_inf
## 		set_property display_name $reset_inf_name $reset_inf
## 		set_property interface_mode $reset_signal_mode $reset_inf
## 		set reset_map [ipx::add_port_map "RST" $reset_inf]
## 		set_property physical_name $reset_signal_name $reset_map
## 
## 		set reset_polarity [ipx::add_bus_parameter "POLARITY" $reset_inf]
## 		set_property value "ACTIVE_LOW" $reset_polarity
## 	}
## }
## proc adi_ip_add_core_dependencies {vlnvs} {
## 	foreach file_group [ipx::get_file_groups * -of_objects [ipx::current_core]] {
## 		foreach vlnv $vlnvs {
## 			ipx::add_subcore $vlnv $file_group
## 		}
## 	}
## }
# adi_ip_create axi_hdmi_tx
WARNING: [Board 49-26] cannot add Board Part xilinx.com:kc705:part0:0.9 available at /home/home/stefan/Xilinx/Vivado/2014.4/data/boards/board_parts/kintex7/kc705/0.9/board_part.xml as part xc7k325tffg900-2 specified in board_part file is either invalid or not available
WARNING: [Board 49-26] cannot add Board Part xilinx.com:kc705:part0:1.0 available at /home/home/stefan/Xilinx/Vivado/2014.4/data/boards/board_parts/kintex7/kc705/1.0/board_part.xml as part xc7k325tffg900-2 specified in board_part file is either invalid or not available
WARNING: [Board 49-26] cannot add Board Part xilinx.com:kc705:part0:1.1 available at /home/home/stefan/Xilinx/Vivado/2014.4/data/boards/board_parts/kintex7/kc705/1.1/board_part.xml as part xc7k325tffg900-2 specified in board_part file is either invalid or not available
WARNING: [Board 49-26] cannot add Board Part xilinx.com:zc706:part0:0.9 available at /home/home/stefan/Xilinx/Vivado/2014.4/data/boards/board_parts/zynq/zc706/0.9/board_part.xml as part xc7z045ffg900-2 specified in board_part file is either invalid or not available
WARNING: [Board 49-26] cannot add Board Part xilinx.com:zc706:part0:1.0 available at /home/home/stefan/Xilinx/Vivado/2014.4/data/boards/board_parts/zynq/zc706/1.0/board_part.xml as part xc7z045ffg900-2 specified in board_part file is either invalid or not available
WARNING: [Board 49-26] cannot add Board Part xilinx.com:zc706:part0:1.1 available at /home/home/stefan/Xilinx/Vivado/2014.4/data/boards/board_parts/zynq/zc706/1.1/board_part.xml as part xc7z045ffg900-2 specified in board_part file is either invalid or not available
INFO: [IP_Flow 19-234] Refreshing IP repositories
INFO: [IP_Flow 19-1700] Loaded user IP repository '/home/home/stefan/projekte/sdr/r2t2/svn/adi_hdl/library'.
WARNING: [IP_Flow 19-3656] If you move the project, the path for repository '/home/home/stefan/projekte/sdr/r2t2/svn/adi_hdl/library' may become invalid. A better location for the repostory would be in a path adjacent to the project. (Current project location is '/home/home/stefan/projekte/sdr/r2t2/svn/adi_hdl/library/axi_hdmi_tx'.)
INFO: [IP_Flow 19-2313] Loaded Vivado IP repository '/home/stefan/Xilinx/Vivado/2014.4/data/ip'.
# adi_ip_files axi_hdmi_tx [list \
#   "$ad_hdl_dir/library/common/ad_mem.v" \
#   "$ad_hdl_dir/library/common/ad_rst.v" \
#   "$ad_hdl_dir/library/common/ad_csc_1_mul.v" \
#   "$ad_hdl_dir/library/common/ad_csc_1_add.v" \
#   "$ad_hdl_dir/library/common/ad_csc_1.v" \
#   "$ad_hdl_dir/library/common/ad_csc_RGB2CrYCb.v" \
#   "$ad_hdl_dir/library/common/ad_ss_444to422.v" \
#   "$ad_hdl_dir/library/common/up_axi.v" \
#   "$ad_hdl_dir/library/common/up_xfer_cntrl.v" \
#   "$ad_hdl_dir/library/common/up_xfer_status.v" \
#   "$ad_hdl_dir/library/common/up_clock_mon.v" \
#   "$ad_hdl_dir/library/common/up_hdmi_tx.v" \
#   "axi_hdmi_tx_vdma.v" \
#   "axi_hdmi_tx_es.v" \
#   "axi_hdmi_tx_core.v" \
#   "axi_hdmi_tx.v" \
#   "axi_hdmi_tx_constr.xdc" ]
# adi_ip_properties axi_hdmi_tx
WARNING: [IP_Flow 19-3899] Cannot get the environment domain name variable for the component vendor name. Setting the vendor name to 'user.org'.
CRITICAL WARNING: [IP_Flow 19-459] IP file '/home/home/stefan/projekte/sdr/r2t2/svn/adi_hdl/library/common/ad_csc_1_mul.v' appears to be outside of the project area '/home/home/stefan/projekte/sdr/r2t2/svn/adi_hdl/library/axi_hdmi_tx'. You can use the ipx::package_project -import_files option to copy remote files into the IP directory.
CRITICAL WARNING: [IP_Flow 19-459] IP file '/home/home/stefan/projekte/sdr/r2t2/svn/adi_hdl/library/common/ad_csc_1_add.v' appears to be outside of the project area '/home/home/stefan/projekte/sdr/r2t2/svn/adi_hdl/library/axi_hdmi_tx'. You can use the ipx::package_project -import_files option to copy remote files into the IP directory.
CRITICAL WARNING: [IP_Flow 19-459] IP file '/home/home/stefan/projekte/sdr/r2t2/svn/adi_hdl/library/common/ad_csc_1.v' appears to be outside of the project area '/home/home/stefan/projekte/sdr/r2t2/svn/adi_hdl/library/axi_hdmi_tx'. You can use the ipx::package_project -import_files option to copy remote files into the IP directory.
CRITICAL WARNING: [IP_Flow 19-459] IP file '/home/home/stefan/projekte/sdr/r2t2/svn/adi_hdl/library/common/ad_mem.v' appears to be outside of the project area '/home/home/stefan/projekte/sdr/r2t2/svn/adi_hdl/library/axi_hdmi_tx'. You can use the ipx::package_project -import_files option to copy remote files into the IP directory.
CRITICAL WARNING: [IP_Flow 19-459] IP file '/home/home/stefan/projekte/sdr/r2t2/svn/adi_hdl/library/common/ad_rst.v' appears to be outside of the project area '/home/home/stefan/projekte/sdr/r2t2/svn/adi_hdl/library/axi_hdmi_tx'. You can use the ipx::package_project -import_files option to copy remote files into the IP directory.
CRITICAL WARNING: [IP_Flow 19-459] IP file '/home/home/stefan/projekte/sdr/r2t2/svn/adi_hdl/library/common/ad_csc_RGB2CrYCb.v' appears to be outside of the project area '/home/home/stefan/projekte/sdr/r2t2/svn/adi_hdl/library/axi_hdmi_tx'. You can use the ipx::package_project -import_files option to copy remote files into the IP directory.
CRITICAL WARNING: [IP_Flow 19-459] IP file '/home/home/stefan/projekte/sdr/r2t2/svn/adi_hdl/library/common/ad_ss_444to422.v' appears to be outside of the project area '/home/home/stefan/projekte/sdr/r2t2/svn/adi_hdl/library/axi_hdmi_tx'. You can use the ipx::package_project -import_files option to copy remote files into the IP directory.
CRITICAL WARNING: [IP_Flow 19-459] IP file '/home/home/stefan/projekte/sdr/r2t2/svn/adi_hdl/library/common/up_xfer_cntrl.v' appears to be outside of the project area '/home/home/stefan/projekte/sdr/r2t2/svn/adi_hdl/library/axi_hdmi_tx'. You can use the ipx::package_project -import_files option to copy remote files into the IP directory.
CRITICAL WARNING: [IP_Flow 19-459] IP file '/home/home/stefan/projekte/sdr/r2t2/svn/adi_hdl/library/common/up_xfer_status.v' appears to be outside of the project area '/home/home/stefan/projekte/sdr/r2t2/svn/adi_hdl/library/axi_hdmi_tx'. You can use the ipx::package_project -import_files option to copy remote files into the IP directory.
CRITICAL WARNING: [IP_Flow 19-459] IP file '/home/home/stefan/projekte/sdr/r2t2/svn/adi_hdl/library/common/up_clock_mon.v' appears to be outside of the project area '/home/home/stefan/projekte/sdr/r2t2/svn/adi_hdl/library/axi_hdmi_tx'. You can use the ipx::package_project -import_files option to copy remote files into the IP directory.
CRITICAL WARNING: [IP_Flow 19-459] IP file '/home/home/stefan/projekte/sdr/r2t2/svn/adi_hdl/library/common/up_axi.v' appears to be outside of the project area '/home/home/stefan/projekte/sdr/r2t2/svn/adi_hdl/library/axi_hdmi_tx'. You can use the ipx::package_project -import_files option to copy remote files into the IP directory.
CRITICAL WARNING: [IP_Flow 19-459] IP file '/home/home/stefan/projekte/sdr/r2t2/svn/adi_hdl/library/common/up_hdmi_tx.v' appears to be outside of the project area '/home/home/stefan/projekte/sdr/r2t2/svn/adi_hdl/library/axi_hdmi_tx'. You can use the ipx::package_project -import_files option to copy remote files into the IP directory.
CRITICAL WARNING: [IP_Flow 19-459] IP file '/home/home/stefan/projekte/sdr/r2t2/svn/adi_hdl/library/common/ad_csc_1_mul.v' appears to be outside of the project area '/home/home/stefan/projekte/sdr/r2t2/svn/adi_hdl/library/axi_hdmi_tx'. You can use the ipx::package_project -import_files option to copy remote files into the IP directory.
CRITICAL WARNING: [IP_Flow 19-459] IP file '/home/home/stefan/projekte/sdr/r2t2/svn/adi_hdl/library/common/ad_csc_1_add.v' appears to be outside of the project area '/home/home/stefan/projekte/sdr/r2t2/svn/adi_hdl/library/axi_hdmi_tx'. You can use the ipx::package_project -import_files option to copy remote files into the IP directory.
CRITICAL WARNING: [IP_Flow 19-459] IP file '/home/home/stefan/projekte/sdr/r2t2/svn/adi_hdl/library/common/ad_csc_1.v' appears to be outside of the project area '/home/home/stefan/projekte/sdr/r2t2/svn/adi_hdl/library/axi_hdmi_tx'. You can use the ipx::package_project -import_files option to copy remote files into the IP directory.
CRITICAL WARNING: [IP_Flow 19-459] IP file '/home/home/stefan/projekte/sdr/r2t2/svn/adi_hdl/library/common/ad_mem.v' appears to be outside of the project area '/home/home/stefan/projekte/sdr/r2t2/svn/adi_hdl/library/axi_hdmi_tx'. You can use the ipx::package_project -import_files option to copy remote files into the IP directory.
CRITICAL WARNING: [IP_Flow 19-459] IP file '/home/home/stefan/projekte/sdr/r2t2/svn/adi_hdl/library/common/ad_rst.v' appears to be outside of the project area '/home/home/stefan/projekte/sdr/r2t2/svn/adi_hdl/library/axi_hdmi_tx'. You can use the ipx::package_project -import_files option to copy remote files into the IP directory.
CRITICAL WARNING: [IP_Flow 19-459] IP file '/home/home/stefan/projekte/sdr/r2t2/svn/adi_hdl/library/common/ad_csc_RGB2CrYCb.v' appears to be outside of the project area '/home/home/stefan/projekte/sdr/r2t2/svn/adi_hdl/library/axi_hdmi_tx'. You can use the ipx::package_project -import_files option to copy remote files into the IP directory.
CRITICAL WARNING: [IP_Flow 19-459] IP file '/home/home/stefan/projekte/sdr/r2t2/svn/adi_hdl/library/common/ad_ss_444to422.v' appears to be outside of the project area '/home/home/stefan/projekte/sdr/r2t2/svn/adi_hdl/library/axi_hdmi_tx'. You can use the ipx::package_project -import_files option to copy remote files into the IP directory.
CRITICAL WARNING: [IP_Flow 19-459] IP file '/home/home/stefan/projekte/sdr/r2t2/svn/adi_hdl/library/common/up_xfer_cntrl.v' appears to be outside of the project area '/home/home/stefan/projekte/sdr/r2t2/svn/adi_hdl/library/axi_hdmi_tx'. You can use the ipx::package_project -import_files option to copy remote files into the IP directory.
CRITICAL WARNING: [IP_Flow 19-459] IP file '/home/home/stefan/projekte/sdr/r2t2/svn/adi_hdl/library/common/up_xfer_status.v' appears to be outside of the project area '/home/home/stefan/projekte/sdr/r2t2/svn/adi_hdl/library/axi_hdmi_tx'. You can use the ipx::package_project -import_files option to copy remote files into the IP directory.
CRITICAL WARNING: [IP_Flow 19-459] IP file '/home/home/stefan/projekte/sdr/r2t2/svn/adi_hdl/library/common/up_clock_mon.v' appears to be outside of the project area '/home/home/stefan/projekte/sdr/r2t2/svn/adi_hdl/library/axi_hdmi_tx'. You can use the ipx::package_project -import_files option to copy remote files into the IP directory.
CRITICAL WARNING: [IP_Flow 19-459] IP file '/home/home/stefan/projekte/sdr/r2t2/svn/adi_hdl/library/common/up_axi.v' appears to be outside of the project area '/home/home/stefan/projekte/sdr/r2t2/svn/adi_hdl/library/axi_hdmi_tx'. You can use the ipx::package_project -import_files option to copy remote files into the IP directory.
CRITICAL WARNING: [IP_Flow 19-459] IP file '/home/home/stefan/projekte/sdr/r2t2/svn/adi_hdl/library/common/up_hdmi_tx.v' appears to be outside of the project area '/home/home/stefan/projekte/sdr/r2t2/svn/adi_hdl/library/axi_hdmi_tx'. You can use the ipx::package_project -import_files option to copy remote files into the IP directory.
INFO: [IP_Flow 19-2228] Inferred bus interface "s_axi" of definition type "xilinx.com:interface:aximm:1.0".
INFO: [IP_Flow 19-2228] Inferred bus interface "m_axis_mm2s" of definition type "xilinx.com:interface:axis:1.0".
INFO: [IP_Flow 19-2228] Inferred bus interface "s_axi_signal_reset" of definition type "xilinx.com:signal:reset:1.0".
INFO: [IP_Flow 19-2228] Inferred bus interface "m_axis_mm2s_signal_clock" of definition type "xilinx.com:signal:clock:1.0".
INFO: [IP_Flow 19-2228] Inferred bus interface "s_axi_signal_clock" of definition type "xilinx.com:signal:clock:1.0".
INFO: [IP_Flow 19-2228] Inferred bus interface "s_axi_signal_reset" of definition type "xilinx.com:signal:reset:1.0".
INFO: [IP_Flow 19-2228] Inferred bus interface "hdmi_signal_clock" of definition type "xilinx.com:signal:clock:1.0".
INFO: [IP_Flow 19-2228] Inferred bus interface "hdmi_out_signal_clock" of definition type "xilinx.com:signal:clock:1.0".
INFO: [IP_Flow 19-2228] Inferred bus interface "m_axis_mm2s_signal_clock" of definition type "xilinx.com:signal:clock:1.0".
INFO: [IP_Flow 19-2228] Inferred bus interface "s_axi_signal_clock" of definition type "xilinx.com:signal:clock:1.0".
WARNING: [IP_Flow 19-4319] Ignoring unrecognized family 'kintexu'.
WARNING: [IP_Flow 19-4319] Ignoring unrecognized family 'virtexu'.
WARNING: [IP_Flow 19-4319] Ignoring unrecognized family 'virtex7'.
WARNING: [IP_Flow 19-4319] Ignoring unrecognized family 'qvirtex7'.
WARNING: [IP_Flow 19-4319] Ignoring unrecognized family 'qkintex7'.
WARNING: [IP_Flow 19-4319] Ignoring unrecognized family 'qkintex7l'.
WARNING: [IP_Flow 19-4319] Ignoring unrecognized family 'qartix7'.
WARNING: [IP_Flow 19-4319] Ignoring unrecognized family 'qzynq'.
# adi_ip_constraints axi_hdmi_tx [list \
#   "axi_hdmi_tx_constr.xdc" ]
# ipx::save_core [ipx::current_core]
INFO: [Common 17-206] Exiting Vivado at Thu Nov 19 22:44:21 2015...
